Determining if the pthread_create exist failed with the following output:
Change Dir: /home/getianyi/Documents/Master/Fall_2020/MasterThesis/severinPackage/hmlp-1/build/CMakeFiles/CMakeTmp

Run Build Command:"/usr/bin/make" "cmTC_0d05e/fast"
/usr/bin/make -f CMakeFiles/cmTC_0d05e.dir/build.make CMakeFiles/cmTC_0d05e.dir/build
make[1]: Entering directory '/home/getianyi/Documents/Master/Fall_2020/MasterThesis/severinPackage/hmlp-1/build/CMakeFiles/CMakeTmp'
Building C object CMakeFiles/cmTC_0d05e.dir/CheckSymbolExists.c.o
/usr/bin/gcc     -o CMakeFiles/cmTC_0d05e.dir/CheckSymbolExists.c.o   -c /home/getianyi/Documents/Master/Fall_2020/MasterThesis/severinPackage/hmlp-1/build/CMakeFiles/CMakeTmp/CheckSymbolExists.c
Linking C executable cmTC_0d05e
/usr/bin/cmake -E cmake_link_script CMakeFiles/cmTC_0d05e.dir/link.txt --verbose=1
/usr/bin/gcc       CMakeFiles/cmTC_0d05e.dir/CheckSymbolExists.c.o  -o cmTC_0d05e -rdynamic 
CMakeFiles/cmTC_0d05e.dir/CheckSymbolExists.c.o: In function `main':
CheckSymbolExists.c:(.text+0x16): undefined reference to `pthread_create'
collect2: error: ld returned 1 exit status
CMakeFiles/cmTC_0d05e.dir/build.make:97: recipe for target 'cmTC_0d05e' failed
make[1]: *** [cmTC_0d05e] Error 1
make[1]: Leaving directory '/home/getianyi/Documents/Master/Fall_2020/MasterThesis/severinPackage/hmlp-1/build/CMakeFiles/CMakeTmp'
Makefile:126: recipe for target 'cmTC_0d05e/fast' failed
make: *** [cmTC_0d05e/fast] Error 2

File /home/getianyi/Documents/Master/Fall_2020/MasterThesis/severinPackage/hmlp-1/build/CMakeFiles/CMakeTmp/CheckSymbolExists.c:
/* */
#include <pthread.h>

int main(int argc, char** argv)
{
  (void)argv;
#ifndef pthread_create
  return ((int*)(&pthread_create))[argc];
#else
  (void)argc;
  return 0;
#endif
}

Determining if the function pthread_create exists in the pthreads failed with the following output:
Change Dir: /home/getianyi/Documents/Master/Fall_2020/MasterThesis/severinPackage/hmlp-1/build/CMakeFiles/CMakeTmp

Run Build Command:"/usr/bin/make" "cmTC_09e0b/fast"
/usr/bin/make -f CMakeFiles/cmTC_09e0b.dir/build.make CMakeFiles/cmTC_09e0b.dir/build
make[1]: Entering directory '/home/getianyi/Documents/Master/Fall_2020/MasterThesis/severinPackage/hmlp-1/build/CMakeFiles/CMakeTmp'
Building C object CMakeFiles/cmTC_09e0b.dir/CheckFunctionExists.c.o
/usr/bin/gcc    -DCHECK_FUNCTION_EXISTS=pthread_create   -o CMakeFiles/cmTC_09e0b.dir/CheckFunctionExists.c.o   -c /usr/share/cmake-3.5/Modules/CheckFunctionExists.c
Linking C executable cmTC_09e0b
/usr/bin/cmake -E cmake_link_script CMakeFiles/cmTC_09e0b.dir/link.txt --verbose=1
/usr/bin/gcc   -DCHECK_FUNCTION_EXISTS=pthread_create    CMakeFiles/cmTC_09e0b.dir/CheckFunctionExists.c.o  -o cmTC_09e0b -rdynamic -lpthreads 
/usr/bin/ld: cannot find -lpthreads
collect2: error: ld returned 1 exit status
CMakeFiles/cmTC_09e0b.dir/build.make:97: recipe for target 'cmTC_09e0b' failed
make[1]: *** [cmTC_09e0b] Error 1
make[1]: Leaving directory '/home/getianyi/Documents/Master/Fall_2020/MasterThesis/severinPackage/hmlp-1/build/CMakeFiles/CMakeTmp'
Makefile:126: recipe for target 'cmTC_09e0b/fast' failed
make: *** [cmTC_09e0b/fast] Error 2


